\BOOKMARK [1][-]{section.1}{1 Introduction}{}% 1
\BOOKMARK [1][-]{section.2}{2 ximera.cls}{}% 2
\BOOKMARK [2][-]{subsection.2.1}{2.1 Options for the class}{section.2}% 3
\BOOKMARK [2][-]{subsection.2.2}{2.2 Loading packages}{section.2}% 4
\BOOKMARK [2][-]{subsection.2.3}{2.3 Page setup}{section.2}% 5
\BOOKMARK [2][-]{subsection.2.4}{2.4 Structure}{section.2}% 6
\BOOKMARK [3][-]{subsubsection.2.4.1}{2.4.1 Macros}{subsection.2.4}% 7
\BOOKMARK [3][-]{subsubsection.2.4.2}{2.4.2 Theorem and theorem-like environments}{subsection.2.4}% 8
\BOOKMARK [3][-]{subsubsection.2.4.3}{2.4.3 Enumerate fixes}{subsection.2.4}% 9
\BOOKMARK [3][-]{subsubsection.2.4.4}{2.4.4 Proofs}{subsection.2.4}% 10
\BOOKMARK [3][-]{subsubsection.2.4.5}{2.4.5 Problem environments}{subsection.2.4}% 11
\BOOKMARK [3][-]{subsubsection.2.4.6}{2.4.6 Hints}{subsection.2.4}% 12
\BOOKMARK [3][-]{subsubsection.2.4.7}{2.4.7 Solution}{subsection.2.4}% 13
\BOOKMARK [3][-]{subsubsection.2.4.8}{2.4.8 Code listing environments}{subsection.2.4}% 14
\BOOKMARK [3][-]{subsubsection.2.4.9}{2.4.9 Dialogues}{subsection.2.4}% 15
\BOOKMARK [3][-]{subsubsection.2.4.10}{2.4.10 Instructor notes}{subsection.2.4}% 16
\BOOKMARK [3][-]{subsubsection.2.4.11}{2.4.11 Only}{subsection.2.4}% 17
\BOOKMARK [3][-]{subsubsection.2.4.12}{2.4.12 Foldable}{subsection.2.4}% 18
\BOOKMARK [3][-]{subsubsection.2.4.13}{2.4.13 Leashes}{subsection.2.4}% 19
\BOOKMARK [2][-]{subsection.2.5}{2.5 Document metadata}{section.2}% 20
\BOOKMARK [3][-]{subsubsection.2.5.1}{2.5.1 Metadata}{subsection.2.5}% 21
\BOOKMARK [3][-]{subsubsection.2.5.2}{2.5.2 Abstract}{subsection.2.5}% 22
\BOOKMARK [3][-]{subsubsection.2.5.3}{2.5.3 Titles and authors}{subsection.2.5}% 23
\BOOKMARK [3][-]{subsubsection.2.5.4}{2.5.4 Authors}{subsection.2.5}% 24
\BOOKMARK [3][-]{subsubsection.2.5.5}{2.5.5 Title}{subsection.2.5}% 25
\BOOKMARK [3][-]{subsubsection.2.5.6}{2.5.6 Learning Outcomes}{subsection.2.5}% 26
\BOOKMARK [3][-]{subsubsection.2.5.7}{2.5.7 Labels and references}{subsection.2.5}% 27
\BOOKMARK [2][-]{subsection.2.6}{2.6 Images}{section.2}% 28
\BOOKMARK [3][-]{subsubsection.2.6.1}{2.6.1 Images}{subsection.2.6}% 29
\BOOKMARK [3][-]{subsubsection.2.6.2}{2.6.2 TikZ export}{subsection.2.6}% 30
\BOOKMARK [3][-]{subsubsection.2.6.3}{2.6.3 XKCD}{subsection.2.6}% 31
\BOOKMARK [2][-]{subsection.2.7}{2.7 Interactives}{section.2}% 32
\BOOKMARK [3][-]{subsubsection.2.7.1}{2.7.1 Including widgets}{subsection.2.7}% 33
\BOOKMARK [3][-]{subsubsection.2.7.2}{2.7.2 Google Sheet}{subsection.2.7}% 34
\BOOKMARK [3][-]{subsubsection.2.7.3}{2.7.3 Geogebra}{subsection.2.7}% 35
\BOOKMARK [3][-]{subsubsection.2.7.4}{2.7.4 Desmos}{subsection.2.7}% 36
\BOOKMARK [3][-]{subsubsection.2.7.5}{2.7.5 Graphs}{subsection.2.7}% 37
\BOOKMARK [3][-]{subsubsection.2.7.6}{2.7.6 Video}{subsection.2.7}% 38
\BOOKMARK [3][-]{subsubsection.2.7.7}{2.7.7 JavaScript}{subsection.2.7}% 39
\BOOKMARK [2][-]{subsection.2.8}{2.8 SageMath support}{section.2}% 40
\BOOKMARK [2][-]{subsection.2.9}{2.9 Answerables}{section.2}% 41
\BOOKMARK [3][-]{subsubsection.2.9.1}{2.9.1 Answers}{subsection.2.9}% 42
\BOOKMARK [3][-]{subsubsection.2.9.2}{2.9.2 Multiple choice and the like}{subsection.2.9}% 43
\BOOKMARK [3][-]{subsubsection.2.9.3}{2.9.3 Options}{subsection.2.9}% 44
\BOOKMARK [3][-]{subsubsection.2.9.4}{2.9.4 Choices}{subsection.2.9}% 45
\BOOKMARK [3][-]{subsubsection.2.9.5}{2.9.5 Environment\(s\)}{subsection.2.9}% 46
\BOOKMARK [2][-]{subsection.2.10}{2.10 Word choice}{section.2}% 47
\BOOKMARK [2][-]{subsection.2.11}{2.11 Select all}{section.2}% 48
\BOOKMARK [3][-]{subsubsection.2.11.1}{2.11.1 Free response}{subsection.2.11}% 49
\BOOKMARK [3][-]{subsubsection.2.11.2}{2.11.2 Feedback}{subsection.2.11}% 50
\BOOKMARK [2][-]{subsection.2.12}{2.12 Support for the web}{section.2}% 51
\BOOKMARK [3][-]{subsubsection.2.12.1}{2.12.1 MathJax support}{subsection.2.12}% 52
\BOOKMARK [3][-]{subsubsection.2.12.2}{2.12.2 Semantic HTML}{subsection.2.12}% 53
\BOOKMARK [2][-]{subsection.2.13}{2.13 Tools}{section.2}% 54
\BOOKMARK [3][-]{subsubsection.2.13.1}{2.13.1 Suppress}{subsection.2.13}% 55
\BOOKMARK [3][-]{subsubsection.2.13.2}{2.13.2 The End}{subsection.2.13}% 56
\BOOKMARK [1][-]{section.3}{3 xourse.cls}{}% 57
\BOOKMARK [2][-]{subsection.3.1}{3.1 Activities}{section.3}% 58
\BOOKMARK [3][-]{subsubsection.3.1.1}{3.1.1 Regular activities}{subsection.3.1}% 59
\BOOKMARK [3][-]{subsubsection.3.1.2}{3.1.2 Practice activities}{subsection.3.1}% 60
\BOOKMARK [2][-]{subsection.3.2}{3.2 Sectioning}{section.3}% 61
\BOOKMARK [2][-]{subsection.3.3}{3.3 Grading by points}{section.3}% 62
\BOOKMARK [2][-]{subsection.3.4}{3.4 Ungraded activities}{section.3}% 63
\BOOKMARK [2][-]{subsection.3.5}{3.5 Logos}{section.3}% 64
